<?xml version="1.0" encoding="UTF-8"?>
<testsuite xmlns:xsi="http://www.w3.org/2001/XMLSchema-instance" xsi:noNamespaceSchemaLocation="https://maven.apache.org/surefire/maven-surefire-plugin/xsd/surefire-test-report.xsd" name="com.cucumber.junit.RunCukesTest" time="4.07" tests="5" errors="0" skipped="3" failures="0">
  <properties>
[...]
</properties>
  <testcase name="Given I have 42 cukes in my belly" classname="Scenario: a few cukes" time="0.004"/>
  <testcase name="When I wait 1 hour" classname="Scenario: a few cukes" time="0">
    <skipped/>
  </testcase>
  <testcase name="Then my belly should growl" classname="Scenario: a few cukes" time="0">
    <skipped/>
  </testcase>
  <testcase name="Scenario: a few cukes" classname="Scenario: a few cukes" time="0">
    <skipped/>
  </testcase>
  <testcase name="Scenario: a few cukes" classname="Scenario: a few cukes" time="0.016"/>
</testsuite>