<?xml version="1.0" encoding="UTF-8"?><testsuite errors="1" failures="0" name="com.serenity.junit.features.search.SearchByKeywordStory" skipped="0" tests="1" time="77.73" timestamp="2017-07-190 09:12:00"><testcase classname="com.serenity.junit.features.search.SearchByKeywordStory" name="Search results should show the search term in the title"><error message="Could not instantiate class org.openqa.selenium.firefox.FirefoxDriver" type="net.thucydides.core.webdriver.UnsupportedDriverException">Could not instantiate class org.openqa.selenium.firefox.FirefoxDriver</error><system-err>Could not instantiate class org.openqa.selenium.firefox.FirefoxDriver&#13;
com.serenity.junit.tasks.OpenTheApplication.performAs(OpenTheApplication.java:15)&#13;
com.serenity.junit.features.search.SearchByKeywordStory.search_results_should_show_the_search_term_in_the_title(SearchByKeywordStory.java:41)&#13;
</system-err></testcase></testsuite>